A D/boot////
A D/common////
A D/configs////
A D/kernel////
A D/lib////
A D/mach-aaec2000////
A D/mach-clps711x////
A D/mach-clps7500////
A D/mach-ebsa110////
A D/mach-epxa10db////
A D/mach-footbridge////
A D/mach-h720x////
A D/mach-imx////
A D/mach-integrator////
A D/mach-iop3xx////
A D/mach-ixp2000////
A D/mach-ixp4xx////
A D/mach-l7200////
A D/mach-lh7a40x////
A D/mach-omap1////
A D/mach-omap2////
A D/mach-pxa////
A D/mach-realview////
A D/mach-rpc////
A D/mach-s3c2410////
A D/mach-sa1100////
A D/mach-shark////
A D/mach-sl2312////
A D/mach-versatile////
A D/mm////
A D/nwfpe////
A D/oprofile////
A D/plat-omap////
A D/tools////
A D/vfp////
