A D/DocBook////
A D/RCU////
A D/aoe////
A D/arm////
A D/block////
A D/cdrom////
A D/connector////
A D/cpu-freq////
A D/cris////
A D/crypto////
A D/device-mapper////
A D/driver-model////
A D/dvb////
A D/early-userspace////
A D/fb////
A D/filesystems////
A D/firmware_class////
A D/fujitsu////
A D/hwmon////
A D/i2c////
A D/i2o////
A D/i386////
A D/ia64////
A D/infiniband////
A D/input////
A D/ioctl////
A D/isdn////
A D/kbuild////
A D/kdump////
A D/m68k////
A D/mips////
A D/networking////
A D/parisc////
A D/pcmcia////
A D/power////
A D/powerpc////
A D/s390////
A D/scsi////
A D/serial////
A D/sh////
A D/sound////
A D/sparc////
A D/sysctl////
A D/telephony////
A D/uml////
A D/usb////
A D/video4linux////
A D/vm////
A D/w1////
A D/watchdog////
A D/x86_64////
