A D/arc////
A D/au1000////
A D/boot////
A D/cobalt////
A D/configs////
A D/ddb5xxx////
A D/dec////
A D/galileo-boards////
A D/gt64120////
A D/ite-boards////
A D/jazz////
A D/jmr3927////
A D/kernel////
A D/lasat////
A D/lib////
A D/lib-32////
A D/lib-64////
A D/math-emu////
A D/mips-boards////
A D/mm////
A D/momentum////
A D/oprofile////
A D/pci////
A D/philips////
A D/pmc-sierra////
A D/qemu////
A D/sgi-ip22////
A D/sgi-ip27////
A D/sgi-ip32////
A D/sibyte////
A D/sni////
A D/tx4927////
A D/tx4938////
A D/vr41xx////
