A D/arc////
A D/cobalt////
A D/ddb5xxx////
A D/dec////
A D/galileo-boards////
A D/gcc////
A D/ip32////
A D/it8172////
A D/jmr3927////
A D/lasat////
A D/mach-atlas////
A D/mach-au1x00////
A D/mach-db1x00////
A D/mach-ddb5074////
A D/mach-dec////
A D/mach-ev64120////
A D/mach-ev96100////
A D/mach-generic////
A D/mach-ip22////
A D/mach-ip27////
A D/mach-ip32////
A D/mach-ja////
A D/mach-jazz////
A D/mach-jmr3927////
A D/mach-lasat////
A D/mach-mips////
A D/mach-ocelot////
A D/mach-ocelot3////
A D/mach-pb1x00////
A D/mach-pnx8550////
A D/mach-qemu////
A D/mach-rm200////
A D/mach-sibyte////
A D/mach-sim////
A D/mach-yosemite////
A D/mips-boards////
A D/pci////
A D/sgi////
A D/sibyte////
A D/sn////
A D/tx4927////
A D/tx4938////
A D/vr41xx////
A D/xtalk////
