A D/acpi////
A D/asm-alpha////
A D/asm-arm////
A D/asm-arm26////
A D/asm-cris////
A D/asm-frv////
A D/asm-generic////
A D/asm-h8300////
A D/asm-i386////
A D/asm-ia64////
A D/asm-m32r////
A D/asm-m68k////
A D/asm-m68knommu////
A D/asm-mips////
A D/asm-parisc////
A D/asm-powerpc////
A D/asm-ppc////
A D/asm-s390////
A D/asm-sh////
A D/asm-sh64////
A D/asm-sparc////
A D/asm-sparc64////
A D/asm-um////
A D/asm-v850////
A D/asm-x86_64////
A D/asm-xtensa////
A D/config////
A D/keys////
A D/linux////
A D/math-emu////
A D/media////
A D/mtd////
A D/net////
A D/pcmcia////
A D/rdma////
A D/rxrpc////
A D/scsi////
A D/sound////
A D/video////
