A D/acorn////
A D/acpi////
A D/atm////
A D/base////
A D/block////
A D/bluetooth////
A D/cdrom////
A D/char////
A D/connector////
A D/cpufreq////
A D/crypto////
A D/dio////
A D/eisa////
A D/fc4////
A D/firmware////
A D/hwmon////
A D/i2c////
A D/ide////
A D/ieee1394////
A D/infiniband////
A D/input////
A D/isdn////
A D/macintosh////
A D/mca////
A D/md////
A D/media////
A D/message////
A D/mfd////
A D/misc////
A D/mmc////
A D/mtd////
A D/net////
A D/nubus////
A D/oprofile////
A D/parisc////
A D/parport////
A D/pci////
A D/pcmcia////
A D/pnp////
A D/rapidio////
A D/s390////
A D/sbus////
A D/scsi////
A D/serial////
A D/sh////
A D/sn////
A D/tc////
A D/telephony////
A D/usb////
A D/video////
A D/w1////
A D/zorro////
